2020-02-25 20:22:06 - main INFO Start : reading info data 

2020-02-25 20:22:06 - main INFO Start : reading info data 

2020-02-25 20:22:11 - read_data INFO train_data = (4227,)
2020-02-25 20:22:11 - read_data INFO test_data = (4227, 14)
2020-02-25 20:22:11 - read_data INFO val_data = (4227, 14)
2020-02-25 20:22:11 - main INFO End : reading info data 

2020-02-25 20:22:11 - main INFO Start : input data for pytorch model  

2020-02-25 20:22:11 - data_loading INFO train_berfor_chop = 4227
2020-02-25 20:22:11 - data_loading INFO train_after_chop = 3934
2020-02-25 20:22:12 - read_data INFO train_data = (4227,)
2020-02-25 20:22:12 - main INFO End :input data for pytorch model 

2020-02-25 20:22:12 - main INFO Start : reading info data 

2020-02-25 20:22:12 - main INFO Start : reading info data 

2020-02-25 20:22:12 - read_data INFO test_data = (4227, 14)
2020-02-25 20:22:12 - read_data INFO val_data = (4227, 14)
2020-02-25 20:22:12 - main INFO End : reading info data 

2020-02-25 20:22:12 - main INFO Start : input data for pytorch model  

2020-02-25 20:22:12 - data_loading INFO train_berfor_chop = 4227
2020-02-25 20:22:12 - data_loading INFO train_after_chop = 3934
2020-02-25 20:22:12 - main INFO End :input data for pytorch model 

2020-02-25 20:22:17 - read_data INFO train_data = (4227,)
2020-02-25 20:22:17 - read_data INFO test_data = (4227, 14)
2020-02-25 20:22:17 - read_data INFO val_data = (4227, 14)
2020-02-25 20:22:17 - main INFO End : reading info data 

2020-02-25 20:22:17 - main INFO End : reading info data 

2020-02-25 20:22:17 - main INFO Start : input data for pytorch model  

2020-02-25 20:22:17 - main INFO Start : input data for pytorch model  

2020-02-25 20:22:17 - data_loading INFO train_berfor_chop = 4227
2020-02-25 20:22:17 - data_loading INFO train_after_chop = 3934
2020-02-25 20:22:17 - main INFO End :input data for pytorch model 

2020-02-25 20:22:17 - main INFO End :input data for pytorch model 

