2020-02-29 10:51:41 - main INFO Start : reading info data 

2020-02-29 10:51:46 - read_data INFO train_data = (4227,)
2020-02-29 10:51:46 - read_data INFO test_data = (4227, 14)
2020-02-29 10:51:46 - read_data INFO val_data = (4227, 14)
2020-02-29 10:51:46 - main INFO End : reading info data 

2020-02-29 10:51:46 - main INFO Start : input data for pytorch model  

2020-02-29 10:51:46 - data_loading INFO train_berfor_chop = 4227
2020-02-29 10:51:46 - data_loading INFO train_after_chop = 3934
2020-02-29 10:51:46 - main INFO End :input data for pytorch model 

2020-02-29 10:51:46 - main INFO Start : reading info data 

2020-02-29 10:51:46 - main INFO Start : reading info data 

2020-02-29 10:51:51 - read_data INFO train_data = (4227,)
2020-02-29 10:51:51 - read_data INFO test_data = (4227, 14)
2020-02-29 10:51:51 - read_data INFO val_data = (4227, 14)
2020-02-29 10:51:52 - main INFO End : reading info data 

2020-02-29 10:51:52 - main INFO End : reading info data 

2020-02-29 10:51:52 - main INFO Start : input data for pytorch model  

2020-02-29 10:51:52 - main INFO Start : input data for pytorch model  

2020-02-29 10:51:52 - data_loading INFO train_berfor_chop = 4227
2020-02-29 10:51:52 - data_loading INFO train_after_chop = 3934
2020-02-29 10:51:52 - main INFO End :input data for pytorch model 

2020-02-29 10:51:52 - main INFO End :input data for pytorch model 

